(function(n){function e(e){for(var r,a,i=e[0],l=e[1],c=e[2],p=0,f=[];p<i.length;p++)a=i[p],o[a]&&f.push(o[a][0]),o[a]=0;for(r in l)Object.prototype.hasOwnProperty.call(l,r)&&(n[r]=l[r]);s&&s(e);while(f.length)f.shift()();return u.push.apply(u,c||[]),t()}function t(){for(var n,e=0;e<u.length;e++){for(var t=u[e],r=!0,i=1;i<t.length;i++){var l=t[i];0!==o[l]&&(r=!1)}r&&(u.splice(e--,1),n=a(a.s=t[0]))}return n}var r={},o={app:0},u=[];function a(e){if(r[e])return r[e].exports;var t=r[e]={i:e,l:!1,exports:{}};return n[e].call(t.exports,t,t.exports,a),t.l=!0,t.exports}a.m=n,a.c=r,a.d=function(n,e,t){a.o(n,e)||Object.defineProperty(n,e,{enumerable:!0,get:t})},a.r=function(n){"undefined"!==typeof Symbol&&Symbol.toStringTag&&Object.defineProperty(n,Symbol.toStringTag,{value:"Module"}),Object.defineProperty(n,"__esModule",{value:!0})},a.t=function(n,e){if(1&e&&(n=a(n)),8&e)return n;if(4&e&&"object"===typeof n&&n&&n.__esModule)return n;var t=Object.create(null);if(a.r(t),Object.defineProperty(t,"default",{enumerable:!0,value:n}),2&e&&"string"!=typeof n)for(var r in n)a.d(t,r,function(e){return n[e]}.bind(null,r));return t},a.n=function(n){var e=n&&n.__esModule?function(){return n["default"]}:function(){return n};return a.d(e,"a",e),e},a.o=function(n,e){return Object.prototype.hasOwnProperty.call(n,e)},a.p="/";var i=window["webpackJsonp"]=window["webpackJsonp"]||[],l=i.push.bind(i);i.push=e,i=i.slice();for(var c=0;c<i.length;c++)e(i[c]);var s=l;u.push([0,"chunk-vendors"]),t()})({0:function(n,e,t){n.exports=t("56d7")},"034f":function(n,e,t){"use strict";t("64a9")},"56d7":function(n,e,t){"use strict";t.r(e);var r=t("2b0e"),o=function(){var n=this,e=n.$createElement,t=n._self._c||e;return t("div",{staticClass:"d-flex",attrs:{id:"app"}},[t("pev2",{attrs:{"plan-source":n.plan,"plan-query":n.query}})],1)},u=[],a=t("7e84"),i=t.n(a);const l=window.plan||"\n                                                           QUERY PLAN\n---------------------------------------------------------------------------------------------------------------------------------\n Nested Loop  (cost=4.33..118.25 rows=10 width=488) (actual time=0.370..1.126 rows=10 loops=1)\n   ->  Bitmap Heap Scan on tenk1 t1  (cost=4.33..39.44 rows=10 width=244) (actual time=0.254..0.380 rows=10 loops=1)\n         Recheck Cond: (unique1 < 10)\n         ->  Bitmap Index Scan on tenk1_unique1  (cost=0.00..4.33 rows=10 width=0) (actual time=0.164..0.164 rows=10 loops=1)\n               Index Cond: (unique1 < 10)\n   ->  Index Scan using tenk2_unique2 on tenk2 t2  (cost=0.00..7.87 rows=1 width=244) (actual time=0.041..0.048 rows=1 loops=10)\n         Index Cond: (unique2 = t1.unique2)\n Total runtime: 2.414 ms",c=window.query||"\nSELECT *\nFROM tenk1 t1, tenk2 t2\nWHERE t1.unique1 < 10 AND t1.unique2 = t2.unique2;";var s={name:"App",data:function(){return{plan:l,query:c}},components:{pev2:i.a}},p=s,f=(t("034f"),t("2877")),d=Object(f["a"])(p,o,u,!1,null,null,null),w=d.exports;new r["a"]({render:n=>n(w)}).$mount("#app")},"64a9":function(n,e,t){}});
//# sourceMappingURL=app.js.map